<?xml version="1.0" encoding="UTF-8"?>
<!-- Generated by org.testng.reporters.JUnitXMLReporter -->
<testsuite hostname="GUPSA15-WIN10" name="Default test" tests="50" failures="3" timestamp="4 Mar 2018 12:47:51 GMT" time="21.398" errors="0">
  <testcase name="verifyWeatherInfoWithPositiveData" time="4.011" classname="com.apitesting.TestAPI.TestWeatherAPIWithDataProvider"/>
  <testcase name="verifyWeatherInfoWithPositiveData" time="0.337" classname="com.apitesting.TestAPI.TestWeatherAPIWithDataProvider"/>
  <testcase name="verifyWeatherInfoWithPositiveData" time="0.284" classname="com.apitesting.TestAPI.TestWeatherAPIWithDataProvider">
    <failure type="java.lang.AssertionError" message="1 expectation failed.
Expected status code &amp;lt;300&amp;gt; but was &amp;lt;200&amp;gt;.
">
      <![CDATA[java.lang.AssertionError: 1 expectation failed.
Expected status code <300> but was <200>.

	at sun.reflect.NativeConstructorAccessorImpl.newInstance0(Native Method)
	at sun.reflect.NativeConstructorAccessorImpl.newInstance(Unknown Source)
	at sun.reflect.DelegatingConstructorAccessorImpl.newInstance(Unknown Source)
	at java.lang.reflect.Constructor.newInstance(Unknown Source)
	at org.codehaus.groovy.reflection.CachedConstructor.invoke(CachedConstructor.java:83)
	at org.codehaus.groovy.reflection.CachedConstructor.doConstructorInvoke(CachedConstructor.java:77)
	at org.codehaus.groovy.runtime.callsite.ConstructorSite$ConstructorSiteNoUnwrap.callConstructor(ConstructorSite.java:84)
	at org.codehaus.groovy.runtime.callsite.CallSiteArray.defaultCallConstructor(CallSiteArray.java:60)
	at org.codehaus.groovy.runtime.callsite.AbstractCallSite.callConstructor(AbstractCallSite.java:235)
	at org.codehaus.groovy.runtime.callsite.AbstractCallSite.callConstructor(AbstractCallSite.java:247)
	at io.restassured.internal.ResponseSpecificationImpl$HamcrestAssertionClosure.validate(ResponseSpecificationImpl.groovy:482)
	at io.restassured.internal.ResponseSpecificationImpl$HamcrestAssertionClosure$validate$1.call(Unknown Source)
	at io.restassured.internal.ResponseSpecificationImpl.validateResponseIfRequired(ResponseSpecificationImpl.groovy:654)
	at sun.reflect.NativeMethodAccessorImpl.invoke0(Native Method)
	at sun.reflect.NativeMethodAccessorImpl.invoke(Unknown Source)
	at sun.reflect.DelegatingMethodAccessorImpl.invoke(Unknown Source)
	at java.lang.reflect.Method.invoke(Unknown Source)
	at org.codehaus.groovy.runtime.callsite.PogoMetaMethodSite$PogoCachedMethodSiteNoUnwrapNoCoerce.invoke(PogoMetaMethodSite.java:210)
	at org.codehaus.groovy.runtime.callsite.PogoMetaMethodSite.callCurrent(PogoMetaMethodSite.java:59)
	at org.codehaus.groovy.runtime.callsite.AbstractCallSite.callCurrent(AbstractCallSite.java:166)
	at io.restassured.internal.ResponseSpecificationImpl.statusCode(ResponseSpecificationImpl.groovy:124)
	at io.restassured.specification.ResponseSpecification$statusCode$0.callCurrent(Unknown Source)
	at io.restassured.internal.ResponseSpecificationImpl.statusCode(ResponseSpecificationImpl.groovy:132)
	at io.restassured.internal.ValidatableResponseOptionsImpl.statusCode(ValidatableResponseOptionsImpl.java:119)
	at com.apitesting.TestAPI.TestWeatherAPIWithDataProvider.verifyWeatherInfoWithPositiveData(TestWeatherAPIWithDataProvider.java:48)
	at sun.reflect.NativeMethodAccessorImpl.invoke0(Native Method)
	at sun.reflect.NativeMethodAccessorImpl.invoke(Unknown Source)
	at sun.reflect.DelegatingMethodAccessorImpl.invoke(Unknown Source)
	at java.lang.reflect.Method.invoke(Unknown Source)
	at org.testng.internal.MethodInvocationHelper.invokeMethod(MethodInvocationHelper.java:85)
	at org.testng.internal.Invoker.invokeMethod(Invoker.java:648)
	at org.testng.internal.Invoker.invokeTestMethod(Invoker.java:834)
	at org.testng.internal.Invoker.invokeTestMethods(Invoker.java:1142)
	at org.testng.internal.TestMethodWorker.invokeTestMethods(TestMethodWorker.java:124)
	at org.testng.internal.TestMethodWorker.run(TestMethodWorker.java:108)
	at org.testng.TestRunner.privateRun(TestRunner.java:771)
	at org.testng.TestRunner.run(TestRunner.java:621)
	at org.testng.SuiteRunner.runTest(SuiteRunner.java:357)
	at org.testng.SuiteRunner.runSequentially(SuiteRunner.java:352)
	at org.testng.SuiteRunner.privateRun(SuiteRunner.java:310)
	at org.testng.SuiteRunner.run(SuiteRunner.java:259)
	at org.testng.SuiteRunnerWorker.runSuite(SuiteRunnerWorker.java:52)
	at org.testng.SuiteRunnerWorker.run(SuiteRunnerWorker.java:86)
	at org.testng.TestNG.runSuitesSequentially(TestNG.java:1176)
	at org.testng.TestNG.runSuitesLocally(TestNG.java:1101)
	at org.testng.TestNG.run(TestNG.java:1009)
	at org.testng.remote.RemoteTestNG.run(RemoteTestNG.java:111)
	at org.testng.remote.RemoteTestNG.initAndRun(RemoteTestNG.java:204)
	at org.testng.remote.RemoteTestNG.main(RemoteTestNG.java:175)
]]>
    </failure>
  </testcase> <!-- verifyWeatherInfoWithPositiveData -->
  <testcase name="verifyWeatherInfoWithPositiveData" time="0.235" classname="com.apitesting.TestAPI.TestWeatherAPIWithDataProvider">
    <failure type="java.lang.AssertionError" message="1 expectation failed.
Expected status code &amp;lt;300&amp;gt; but was &amp;lt;200&amp;gt;.
">
      <![CDATA[java.lang.AssertionError: 1 expectation failed.
Expected status code <300> but was <200>.

	at sun.reflect.NativeConstructorAccessorImpl.newInstance0(Native Method)
	at sun.reflect.NativeConstructorAccessorImpl.newInstance(Unknown Source)
	at sun.reflect.DelegatingConstructorAccessorImpl.newInstance(Unknown Source)
	at java.lang.reflect.Constructor.newInstance(Unknown Source)
	at org.codehaus.groovy.reflection.CachedConstructor.invoke(CachedConstructor.java:83)
	at org.codehaus.groovy.reflection.CachedConstructor.doConstructorInvoke(CachedConstructor.java:77)
	at org.codehaus.groovy.runtime.callsite.ConstructorSite$ConstructorSiteNoUnwrap.callConstructor(ConstructorSite.java:84)
	at org.codehaus.groovy.runtime.callsite.AbstractCallSite.callConstructor(AbstractCallSite.java:247)
	at io.restassured.internal.ResponseSpecificationImpl$HamcrestAssertionClosure.validate(ResponseSpecificationImpl.groovy:482)
	at io.restassured.internal.ResponseSpecificationImpl$HamcrestAssertionClosure$validate$1.call(Unknown Source)
	at io.restassured.internal.ResponseSpecificationImpl.validateResponseIfRequired(ResponseSpecificationImpl.groovy:654)
	at sun.reflect.NativeMethodAccessorImpl.invoke0(Native Method)
	at sun.reflect.NativeMethodAccessorImpl.invoke(Unknown Source)
	at sun.reflect.DelegatingMethodAccessorImpl.invoke(Unknown Source)
	at java.lang.reflect.Method.invoke(Unknown Source)
	at org.codehaus.groovy.runtime.callsite.PogoMetaMethodSite$PogoCachedMethodSiteNoUnwrapNoCoerce.invoke(PogoMetaMethodSite.java:210)
	at org.codehaus.groovy.runtime.callsite.PogoMetaMethodSite.callCurrent(PogoMetaMethodSite.java:59)
	at org.codehaus.groovy.runtime.callsite.AbstractCallSite.callCurrent(AbstractCallSite.java:166)
	at io.restassured.internal.ResponseSpecificationImpl.statusCode(ResponseSpecificationImpl.groovy:124)
	at io.restassured.specification.ResponseSpecification$statusCode$0.callCurrent(Unknown Source)
	at io.restassured.internal.ResponseSpecificationImpl.statusCode(ResponseSpecificationImpl.groovy:132)
	at io.restassured.internal.ValidatableResponseOptionsImpl.statusCode(ValidatableResponseOptionsImpl.java:119)
	at com.apitesting.TestAPI.TestWeatherAPIWithDataProvider.verifyWeatherInfoWithPositiveData(TestWeatherAPIWithDataProvider.java:48)
	at sun.reflect.NativeMethodAccessorImpl.invoke0(Native Method)
	at sun.reflect.NativeMethodAccessorImpl.invoke(Unknown Source)
	at sun.reflect.DelegatingMethodAccessorImpl.invoke(Unknown Source)
	at java.lang.reflect.Method.invoke(Unknown Source)
	at org.testng.internal.MethodInvocationHelper.invokeMethod(MethodInvocationHelper.java:85)
	at org.testng.internal.Invoker.invokeMethod(Invoker.java:648)
	at org.testng.internal.Invoker.invokeTestMethod(Invoker.java:834)
	at org.testng.internal.Invoker.invokeTestMethods(Invoker.java:1142)
	at org.testng.internal.TestMethodWorker.invokeTestMethods(TestMethodWorker.java:124)
	at org.testng.internal.TestMethodWorker.run(TestMethodWorker.java:108)
	at org.testng.TestRunner.privateRun(TestRunner.java:771)
	at org.testng.TestRunner.run(TestRunner.java:621)
	at org.testng.SuiteRunner.runTest(SuiteRunner.java:357)
	at org.testng.SuiteRunner.runSequentially(SuiteRunner.java:352)
	at org.testng.SuiteRunner.privateRun(SuiteRunner.java:310)
	at org.testng.SuiteRunner.run(SuiteRunner.java:259)
	at org.testng.SuiteRunnerWorker.runSuite(SuiteRunnerWorker.java:52)
	at org.testng.SuiteRunnerWorker.run(SuiteRunnerWorker.java:86)
	at org.testng.TestNG.runSuitesSequentially(TestNG.java:1176)
	at org.testng.TestNG.runSuitesLocally(TestNG.java:1101)
	at org.testng.TestNG.run(TestNG.java:1009)
	at org.testng.remote.RemoteTestNG.run(RemoteTestNG.java:111)
	at org.testng.remote.RemoteTestNG.initAndRun(RemoteTestNG.java:204)
	at org.testng.remote.RemoteTestNG.main(RemoteTestNG.java:175)
]]>
    </failure>
  </testcase> <!-- verifyWeatherInfoWithPositiveData -->
  <testcase name="verifyWeatherInfoWithPositiveData" time="0.228" classname="com.apitesting.TestAPI.TestWeatherAPIWithDataProvider">
    <failure type="java.lang.AssertionError" message="1 expectation failed.
Expected status code &amp;lt;300&amp;gt; but was &amp;lt;200&amp;gt;.
">
      <![CDATA[java.lang.AssertionError: 1 expectation failed.
Expected status code <300> but was <200>.

	at sun.reflect.NativeConstructorAccessorImpl.newInstance0(Native Method)
	at sun.reflect.NativeConstructorAccessorImpl.newInstance(Unknown Source)
	at sun.reflect.DelegatingConstructorAccessorImpl.newInstance(Unknown Source)
	at java.lang.reflect.Constructor.newInstance(Unknown Source)
	at org.codehaus.groovy.reflection.CachedConstructor.invoke(CachedConstructor.java:83)
	at org.codehaus.groovy.reflection.CachedConstructor.doConstructorInvoke(CachedConstructor.java:77)
	at org.codehaus.groovy.runtime.callsite.ConstructorSite$ConstructorSiteNoUnwrap.callConstructor(ConstructorSite.java:84)
	at org.codehaus.groovy.runtime.callsite.AbstractCallSite.callConstructor(AbstractCallSite.java:247)
	at io.restassured.internal.ResponseSpecificationImpl$HamcrestAssertionClosure.validate(ResponseSpecificationImpl.groovy:482)
	at io.restassured.internal.ResponseSpecificationImpl$HamcrestAssertionClosure$validate$1.call(Unknown Source)
	at io.restassured.internal.ResponseSpecificationImpl.validateResponseIfRequired(ResponseSpecificationImpl.groovy:654)
	at sun.reflect.NativeMethodAccessorImpl.invoke0(Native Method)
	at sun.reflect.NativeMethodAccessorImpl.invoke(Unknown Source)
	at sun.reflect.DelegatingMethodAccessorImpl.invoke(Unknown Source)
	at java.lang.reflect.Method.invoke(Unknown Source)
	at org.codehaus.groovy.runtime.callsite.PogoMetaMethodSite$PogoCachedMethodSiteNoUnwrapNoCoerce.invoke(PogoMetaMethodSite.java:210)
	at org.codehaus.groovy.runtime.callsite.PogoMetaMethodSite.callCurrent(PogoMetaMethodSite.java:59)
	at org.codehaus.groovy.runtime.callsite.AbstractCallSite.callCurrent(AbstractCallSite.java:166)
	at io.restassured.internal.ResponseSpecificationImpl.statusCode(ResponseSpecificationImpl.groovy:124)
	at io.restassured.specification.ResponseSpecification$statusCode$0.callCurrent(Unknown Source)
	at io.restassured.internal.ResponseSpecificationImpl.statusCode(ResponseSpecificationImpl.groovy:132)
	at io.restassured.internal.ValidatableResponseOptionsImpl.statusCode(ValidatableResponseOptionsImpl.java:119)
	at com.apitesting.TestAPI.TestWeatherAPIWithDataProvider.verifyWeatherInfoWithPositiveData(TestWeatherAPIWithDataProvider.java:48)
	at sun.reflect.NativeMethodAccessorImpl.invoke0(Native Method)
	at sun.reflect.NativeMethodAccessorImpl.invoke(Unknown Source)
	at sun.reflect.DelegatingMethodAccessorImpl.invoke(Unknown Source)
	at java.lang.reflect.Method.invoke(Unknown Source)
	at org.testng.internal.MethodInvocationHelper.invokeMethod(MethodInvocationHelper.java:85)
	at org.testng.internal.Invoker.invokeMethod(Invoker.java:648)
	at org.testng.internal.Invoker.invokeTestMethod(Invoker.java:834)
	at org.testng.internal.Invoker.invokeTestMethods(Invoker.java:1142)
	at org.testng.internal.TestMethodWorker.invokeTestMethods(TestMethodWorker.java:124)
	at org.testng.internal.TestMethodWorker.run(TestMethodWorker.java:108)
	at org.testng.TestRunner.privateRun(TestRunner.java:771)
	at org.testng.TestRunner.run(TestRunner.java:621)
	at org.testng.SuiteRunner.runTest(SuiteRunner.java:357)
	at org.testng.SuiteRunner.runSequentially(SuiteRunner.java:352)
	at org.testng.SuiteRunner.privateRun(SuiteRunner.java:310)
	at org.testng.SuiteRunner.run(SuiteRunner.java:259)
	at org.testng.SuiteRunnerWorker.runSuite(SuiteRunnerWorker.java:52)
	at org.testng.SuiteRunnerWorker.run(SuiteRunnerWorker.java:86)
	at org.testng.TestNG.runSuitesSequentially(TestNG.java:1176)
	at org.testng.TestNG.runSuitesLocally(TestNG.java:1101)
	at org.testng.TestNG.run(TestNG.java:1009)
	at org.testng.remote.RemoteTestNG.run(RemoteTestNG.java:111)
	at org.testng.remote.RemoteTestNG.initAndRun(RemoteTestNG.java:204)
	at org.testng.remote.RemoteTestNG.main(RemoteTestNG.java:175)
]]>
    </failure>
  </testcase> <!-- verifyWeatherInfoWithPositiveData -->
  <testcase name="verifyWeatherInfoWithPositiveData" time="0.303" classname="com.apitesting.TestAPI.TestWeatherAPIWithDataProvider"/>
  <testcase name="verifyWeatherInfoWithPositiveData" time="0.352" classname="com.apitesting.TestAPI.TestWeatherAPIWithDataProvider"/>
  <testcase name="verifyWeatherInfoWithPositiveData" time="0.272" classname="com.apitesting.TestAPI.TestWeatherAPIWithDataProvider"/>
  <testcase name="verifyWeatherInfoWithPositiveData" time="0.265" classname="com.apitesting.TestAPI.TestWeatherAPIWithDataProvider"/>
  <testcase name="verifyWeatherInfoWithPositiveData" time="0.296" classname="com.apitesting.TestAPI.TestWeatherAPIWithDataProvider"/>
  <testcase name="verifyWeatherInfoWithPositiveData" time="0.313" classname="com.apitesting.TestAPI.TestWeatherAPIWithDataProvider"/>
  <testcase name="verifyWeatherInfoWithPositiveData" time="0.295" classname="com.apitesting.TestAPI.TestWeatherAPIWithDataProvider"/>
  <testcase name="verifyWeatherInfoWithPositiveData" time="0.263" classname="com.apitesting.TestAPI.TestWeatherAPIWithDataProvider"/>
  <testcase name="verifyWeatherInfoWithPositiveData" time="0.23" classname="com.apitesting.TestAPI.TestWeatherAPIWithDataProvider"/>
  <testcase name="verifyWeatherInfoWithPositiveData" time="0.275" classname="com.apitesting.TestAPI.TestWeatherAPIWithDataProvider"/>
  <testcase name="verifyWeatherInfoWithPositiveData" time="0.269" classname="com.apitesting.TestAPI.TestWeatherAPIWithDataProvider"/>
  <testcase name="verifyWeatherInfoWithPositiveData" time="0.232" classname="com.apitesting.TestAPI.TestWeatherAPIWithDataProvider"/>
  <testcase name="verifyWeatherInfoWithPositiveData" time="0.269" classname="com.apitesting.TestAPI.TestWeatherAPIWithDataProvider"/>
  <testcase name="verifyWeatherInfoWithPositiveData" time="0.248" classname="com.apitesting.TestAPI.TestWeatherAPIWithDataProvider"/>
  <testcase name="verifyWeatherInfoWithPositiveData" time="0.251" classname="com.apitesting.TestAPI.TestWeatherAPIWithDataProvider"/>
  <testcase name="verifyWeatherInfoWithPositiveData" time="0.213" classname="com.apitesting.TestAPI.TestWeatherAPIWithDataProvider"/>
  <testcase name="verifyWeatherInfoWithPositiveData" time="0.327" classname="com.apitesting.TestAPI.TestWeatherAPIWithDataProvider"/>
  <testcase name="verifyWeatherInfoWithPositiveData" time="0.245" classname="com.apitesting.TestAPI.TestWeatherAPIWithDataProvider"/>
  <testcase name="verifyWeatherInfoWithPositiveData" time="0.278" classname="com.apitesting.TestAPI.TestWeatherAPIWithDataProvider"/>
  <testcase name="verifyWeatherInfoWithPositiveData" time="0.235" classname="com.apitesting.TestAPI.TestWeatherAPIWithDataProvider"/>
  <testcase name="verifyWeatherInfoWithPositiveData" time="0.221" classname="com.apitesting.TestAPI.TestWeatherAPIWithDataProvider"/>
  <testcase name="verifyWeatherInfoWithPositiveData" time="0.235" classname="com.apitesting.TestAPI.TestWeatherAPIWithDataProvider"/>
  <testcase name="verifyWeatherInfoWithPositiveData" time="0.266" classname="com.apitesting.TestAPI.TestWeatherAPIWithDataProvider"/>
  <testcase name="verifyWeatherInfoWithPositiveData" time="0.263" classname="com.apitesting.TestAPI.TestWeatherAPIWithDataProvider"/>
  <testcase name="verifyWeatherInfoWithPositiveData" time="0.215" classname="com.apitesting.TestAPI.TestWeatherAPIWithDataProvider"/>
  <testcase name="verifyWeatherInfoWithNegativeData" time="0.217" classname="com.apitesting.TestAPI.TestWeatherAPIWithDataProvider"/>
  <testcase name="verifyWeatherInfoWithNegativeData" time="0.214" classname="com.apitesting.TestAPI.TestWeatherAPIWithDataProvider"/>
  <testcase name="verifyWeatherInfoWithNegativeData" time="0.201" classname="com.apitesting.TestAPI.TestWeatherAPIWithDataProvider"/>
  <testcase name="verifyWeatherInfoWithNegativeData" time="0.2" classname="com.apitesting.TestAPI.TestWeatherAPIWithDataProvider"/>
  <testcase name="verifyWeatherInfoWithNegativeData" time="0.238" classname="com.apitesting.TestAPI.TestWeatherAPIWithDataProvider"/>
  <testcase name="verifyWeatherInfoWithNegativeData" time="0.224" classname="com.apitesting.TestAPI.TestWeatherAPIWithDataProvider"/>
  <testcase name="verifyWeatherInfoWithNegativeData" time="0.201" classname="com.apitesting.TestAPI.TestWeatherAPIWithDataProvider"/>
  <testcase name="verifyWeatherInfoWithNegativeData" time="0.216" classname="com.apitesting.TestAPI.TestWeatherAPIWithDataProvider"/>
  <testcase name="verifyWeatherInfoWithNegativeData" time="0.221" classname="com.apitesting.TestAPI.TestWeatherAPIWithDataProvider"/>
  <testcase name="verifyWeatherInfoWithNegativeData" time="0.213" classname="com.apitesting.TestAPI.TestWeatherAPIWithDataProvider"/>
  <testcase name="verifyWeatherInfoWithNegativeData" time="0.201" classname="com.apitesting.TestAPI.TestWeatherAPIWithDataProvider"/>
  <testcase name="verifyWeatherInfoWithNegativeData" time="0.216" classname="com.apitesting.TestAPI.TestWeatherAPIWithDataProvider"/>
  <testcase name="verifyWeatherInfoWithNegativeData" time="0.201" classname="com.apitesting.TestAPI.TestWeatherAPIWithDataProvider"/>
  <testcase name="verifyWeatherInfoWithNegativeData" time="0.269" classname="com.apitesting.TestAPI.TestWeatherAPIWithDataProvider"/>
  <testcase name="verifyWeatherInfoWithNegativeData" time="0.222" classname="com.apitesting.TestAPI.TestWeatherAPIWithDataProvider"/>
  <testcase name="verifyWeatherInfoWithNegativeData" time="0.201" classname="com.apitesting.TestAPI.TestWeatherAPIWithDataProvider"/>
  <testcase name="verifyWeatherInfoWithNegativeData" time="0.2" classname="com.apitesting.TestAPI.TestWeatherAPIWithDataProvider"/>
  <testcase name="verifyWeatherInfoWithNegativeData" time="0.169" classname="com.apitesting.TestAPI.TestWeatherAPIWithDataProvider"/>
  <testcase name="verifyWeatherInfoWithNegativeData" time="0.271" classname="com.apitesting.TestAPI.TestWeatherAPIWithDataProvider"/>
  <testcase name="verifyWeatherInfoWithNegativeData" time="0.216" classname="com.apitesting.TestAPI.TestWeatherAPIWithDataProvider"/>
</testsuite> <!-- Default test -->
