<?xml version="1.0" encoding="UTF-8"?>
<!-- Generated by org.testng.reporters.JUnitXMLReporter -->
<testsuite hostname="GUPSA15-WIN10" name="Test" tests="4" failures="0" timestamp="25 Feb 2018 13:21:10 GMT" time="7.458" errors="0">
  <testcase name="getWeatherInfoOfBangaloreWithValidData" time="4.383" classname="com.apitesting.TestAPI.TestWeatherAPI"/>
  <testcase name="getWeatherInfoOfBangaloreWithInValidData1" time="2.017" classname="com.apitesting.TestAPI.TestWeatherAPI"/>
  <testcase name="getWeatherInfoOfBangaloreWithInValidData2" time="0.205" classname="com.apitesting.TestAPI.TestWeatherAPI"/>
  <testcase name="getWeatherInfoOfDelhiWithValidData" time="0.801" classname="com.apitesting.TestAPI.TestWeatherAPI"/>
</testsuite> <!-- Test -->
